<?xml version="1.0" encoding="UTF-8"?>
<!-- Generated by org.testng.reporters.JUnitXMLReporter -->
<testsuite ignored="0" hostname="DESKTOP-JGP7MVT" failures="1" tests="2" name="Test" time="53.157" errors="0" timestamp="2022-09-04T10:37:17 IST">
  <testcase classname="TestCases.VerifySingupTestCase" name="SignUp" time="39.131">
    <failure type="java.lang.AssertionError" message="The following asserts failed:
	expected [Free CRM Trial: Salesforce 30-Day Tria - Salesforce IN] but found [Free CRM Trial: Salesforce 30-Day Trial - Salesforce IN]">
      <![CDATA[java.lang.AssertionError: The following asserts failed:
expected [Free CRM Trial: Salesforce 30-Day Tria - Salesforce IN] but found [Free CRM Trial: Salesforce 30-Day Trial - Salesforce IN]
at Resources.CommonUtilities.HandleAssertions(CommonUtilities.java:22)
at TestCases.VerifySingupTestCase.SignUp(VerifySingupTestCase.java:27)
at java.base/java.util.ArrayList.forEach(ArrayList.java:1511)
... Removed 29 stack frames]]>
    </failure>
  </testcase> <!-- SignUp -->
  <testcase classname="TestCases.VerifyLoginTestCase" name="login" time="0.818"/>
</testsuite> <!-- Test -->
